#
# A fatal error has been detected by the Java Runtime Environment:
#
#  EXCEPTION_STACK_OVERFLOW (0xc00000fd) at pc=0x72cf580b, pid=6048, tid=8624
#
# JRE version: Java(TM) SE Runtime Environment (8.0_11-b12) (build 1.8.0_11-b12)
# Java VM: Java HotSpot(TM) Client VM (25.11-b03 mixed mode windows-x86 )
# Problematic frame:
# C  [dcpr.dll+0x580b]
#
# Failed to write core dump. Minidumps are not enabled by default on client versions of Windows
#
# If you would like to submit a bug report, please visit:
#   http://bugreport.sun.com/bugreport/crash.jsp
# The crash happened outside the Java Virtual Machine in native code.
# See problematic frame for where to report the bug.
#

---------------  T H R E A D  ---------------

Current thread (0x17d82400):  JavaThread "AWT-EventQueue-0" [_thread_in_native, id=8624, stack(0x1b860000,0x1b8b0000)]

siginfo: ExceptionCode=0xc00000fd, ExceptionInformation=0x00000001 0x1b860fc8 

Registers:
EAX=0x63d65b9f, EBX=0x17e2c078, ECX=0x1b8610ac, EDX=0x1b861068
ESP=0x1b860fcc, EBP=0x1b861038, ESI=0x1b861144, EDI=0x17be277c
EIP=0x72cf580b, EFLAGS=0x00010206

Top of Stack: (sp=0x1b860fcc)
0x1b860fcc:   00000000 00000000 00000000 00000000
0x1b860fdc:   00000000 00000000 00000000 00000000
0x1b860fec:   00000000 00000000 00000000 00000000
0x1b860ffc:   00000000 00000000 00000000 00000000
0x1b86100c:   3fe00000 1b861018 72cf3437 00000000
0x1b86101c:   3fe00000 40000000 1b86102c 72cf3437
0x1b86102c:   1b861040 72cf4f44 63d65b9f 1b8610d0
0x1b86103c:   72cf58af 17e2c078 17be277c 1b8610ac 

Instructions: (pc=0x72cf580b)
0x72cf57eb:   0c 8b 4d fc 5f 5e 33 cd 5b e8 07 68 00 00 c9 c3
0x72cf57fb:   55 8b ec 83 ec 6c a1 90 17 d1 72 33 c5 89 45 fc
0x72cf580b:   53 8b 5d 08 56 8b 75 10 57 8b 7d 0c d9 47 18 51
0x72cf581b:   dc 0d 38 d9 cf 72 8d 45 d0 d9 5d 94 d9 45 94 d9 


Register to memory mapping:

EAX=0x63d65b9f is an unknown value
EBX=0x17e2c078 is an unknown value
ECX=0x1b8610ac is pointing into the stack for thread: 0x17d82400
EDX=0x1b861068 is pointing into the stack for thread: 0x17d82400
ESP=0x1b860fcc is pointing into the stack for thread: 0x17d82400
EBP=0x1b861038 is pointing into the stack for thread: 0x17d82400
ESI=0x1b861144 is pointing into the stack for thread: 0x17d82400
EDI=0x17be277c is an unknown value


Stack: [0x1b860000,0x1b8b0000],  sp=0x1b860fcc,  free space=3k
Native frames: (J=compiled Java code, j=interpreted, Vv=VM code, C=native code)
C  [dcpr.dll+0x580b]
C  [dcpr.dll+0x58af]
C  [dcpr.dll+0x58af]
C  [dcpr.dll+0x58c2]
C  [dcpr.dll+0x58af]
C  [dcpr.dll+0x58c2]
C  [dcpr.dll+0x58af]
C  [dcpr.dll+0x58c2]
C  [dcpr.dll+0x58af]
C  [dcpr.dll+0x58c2]
C  [dcpr.dll+0x58af]
C  [dcpr.dll+0x58c2]
C  [dcpr.dll+0x58af]
C  [dcpr.dll+0x58c2]
C  [dcpr.dll+0x58af]
C  [dcpr.dll+0x58c2]
C  [dcpr.dll+0x58af]
C  [dcpr.dll+0x58c2]
C  [dcpr.dll+0x58af]
C  [dcpr.dll+0x58c2]
C  [dcpr.dll+0x58af]
C  [dcpr.dll+0x58c2]
C  [dcpr.dll+0x58af]
C  [dcpr.dll+0x58c2]
C  [dcpr.dll+0x58af]
C  [dcpr.dll+0x58c2]
C  [dcpr.dll+0x58af]
C  [dcpr.dll+0x58c2]
C  [dcpr.dll+0x58af]
C  [dcpr.dll+0x58c2]
C  [dcpr.dll+0x58af]
C  [dcpr.dll+0x58c2]
C  [dcpr.dll+0x58af]
C  [dcpr.dll+0x58c2]
C  [dcpr.dll+0x58af]
C  [dcpr.dll+0x58c2]
C  [dcpr.dll+0x58af]
C  [dcpr.dll+0x58c2]
C  [dcpr.dll+0x58af]
C  [dcpr.dll+0x58c2]
C  [dcpr.dll+0x58af]
C  [dcpr.dll+0x58c2]
C  [dcpr.dll+0x58af]
C  [dcpr.dll+0x58c2]
C  [dcpr.dll+0x58af]
C  [dcpr.dll+0x58c2]
C  [dcpr.dll+0x58af]
C  [dcpr.dll+0x58c2]
C  [dcpr.dll+0x58af]
C  [dcpr.dll+0x58c2]
C  [dcpr.dll+0x58af]
C  [dcpr.dll+0x58c2]
C  [dcpr.dll+0x58af]
C  [dcpr.dll+0x58c2]
C  [dcpr.dll+0x58af]
C  [dcpr.dll+0x58c2]
C  [dcpr.dll+0x58af]
C  [dcpr.dll+0x58c2]
C  [dcpr.dll+0x58af]
C  [dcpr.dll+0x58c2]
C  [dcpr.dll+0x58af]
C  [dcpr.dll+0x58c2]
C  [dcpr.dll+0x58af]
C  [dcpr.dll+0x58c2]
C  [dcpr.dll+0x58af]
C  [dcpr.dll+0x58c2]
C  [dcpr.dll+0x58af]
C  [dcpr.dll+0x58c2]
C  [dcpr.dll+0x58af]
C  [dcpr.dll+0x58c2]
C  [dcpr.dll+0x58af]
C  [dcpr.dll+0x58c2]
C  [dcpr.dll+0x58af]
C  [dcpr.dll+0x58c2]
C  [dcpr.dll+0x58af]
C  [dcpr.dll+0x58c2]
C  [dcpr.dll+0x58af]
C  [dcpr.dll+0x58c2]
C  [dcpr.dll+0x58af]
C  [dcpr.dll+0x58c2]
C  [dcpr.dll+0x58af]
C  [dcpr.dll+0x58c2]
C  [dcpr.dll+0x58af]
C  [dcpr.dll+0x58c2]
C  [dcpr.dll+0x58af]
C  [dcpr.dll+0x58c2]
C  [dcpr.dll+0x58af]
C  [dcpr.dll+0x58c2]
C  [dcpr.dll+0x58af]
C  [dcpr.dll+0x58c2]
C  [dcpr.dll+0x58af]
C  [dcpr.dll+0x58c2]
C  [dcpr.dll+0x58af]
C  [dcpr.dll+0x58c2]
C  [dcpr.dll+0x58af]
C  [dcpr.dll+0x58c2]
C  [dcpr.dll+0x58af]
C  [dcpr.dll+0x58c2]
C  [dcpr.dll+0x58af]
C  [dcpr.dll+0x58c2]
...<more frames>...

Java frames: (J=compiled Java code, j=interpreted, Vv=VM code)
J 769  sun.dc.pr.PathDasher.appendCubic(FFFFFF)V (0 bytes) @ 0x029805b7 [0x02980550+0x67]
J 716 C1 sun.dc.pr.Rasterizer.appendCubic(FFFFFF)V (55 bytes) @ 0x02975364 [0x02975300+0x64]
J 674 C1 sun.dc.DuctusRenderingEngine.getAATileGenerator(Ljava/awt/Shape;Ljava/awt/geom/AffineTransform;Lsun/java2d/pipe/Region;Ljava/awt/BasicStroke;ZZ[I)Lsun/java2d/pipe/AATileGenerator; (1189 bytes) @ 0x0295f9b8 [0x0295ec90+0xd28]
J 812 C1 sun.java2d.pipe.AAShapePipe.renderPath(Lsun/java2d/SunGraphics2D;Ljava/awt/Shape;Ljava/awt/BasicStroke;)V (84 bytes) @ 0x02998808 [0x029986b0+0x158]
J 921 C1 sun.java2d.pipe.AAShapePipe.draw(Lsun/java2d/SunGraphics2D;Ljava/awt/Shape;)V (42 bytes) @ 0x029bc374 [0x029bc270+0x104]
J 964 C1 sun.java2d.pipe.PixelToParallelogramConverter.draw(Lsun/java2d/SunGraphics2D;Ljava/awt/Shape;)V (162 bytes) @ 0x029cf67c [0x029cf3c0+0x2bc]
J 937 C1 sun.java2d.SunGraphics2D.draw(Ljava/awt/Shape;)V (64 bytes) @ 0x029c9b6c [0x029c9b30+0x3c]
j  timeseriesdata.view.cyclicchartview.MyDefaultPolarItemRenderer.drawSeries(Ljava/awt/Graphics2D;Ljava/awt/geom/Rectangle2D;Lorg/jfree/chart/plot/PlotRenderingInfo;Lorg/jfree/chart/plot/PolarPlot;Lorg/jfree/data/xy/XYDataset;I)V+175
j  org.jfree.chart.plot.PolarPlot.render(Ljava/awt/Graphics2D;Ljava/awt/geom/Rectangle2D;Lorg/jfree/chart/plot/PlotRenderingInfo;)V+95
j  org.jfree.chart.plot.PolarPlot.draw(Ljava/awt/Graphics2D;Ljava/awt/geom/Rectangle2D;Ljava/awt/geom/Point2D;Lorg/jfree/chart/plot/PlotState;Lorg/jfree/chart/plot/PlotRenderingInfo;)V+229
j  org.jfree.chart.JFreeChart.draw(Ljava/awt/Graphics2D;Ljava/awt/geom/Rectangle2D;Ljava/awt/geom/Point2D;Lorg/jfree/chart/ChartRenderingInfo;)V+484
j  org.jfree.chart.ChartPanel.paintComponent(Ljava/awt/Graphics;)V+532
j  javax.swing.JComponent.paint(Ljava/awt/Graphics;)V+286
j  javax.swing.JComponent.paintChildren(Ljava/awt/Graphics;)V+501
j  javax.swing.JComponent.paint(Ljava/awt/Graphics;)V+318
j  sun.swing.JLightweightFrame$3.paint(Ljava/awt/Graphics;)V+24
j  javax.swing.JComponent.paintToOffscreen(Ljava/awt/Graphics;IIIIII)V+41
j  javax.swing.RepaintManager.paint(Ljavax/swing/JComponent;Ljavax/swing/JComponent;Ljava/awt/Graphics;IIII)V+89
j  javax.swing.JComponent._paintImmediately(IIII)V+683
j  javax.swing.JComponent.paintImmediately(IIII)V+138
j  javax.swing.JComponent.paintImmediately(IIII)V+65
j  javax.swing.RepaintManager$3.run()Ljava/lang/Void;+81
j  javax.swing.RepaintManager$3.run()Ljava/lang/Object;+1
v  ~StubRoutines::call_stub
j  java.security.AccessController.doPrivileged(Ljava/security/PrivilegedAction;Ljava/security/AccessControlContext;)Ljava/lang/Object;+0
j  java.security.ProtectionDomain$1.doIntersectionPrivilege(Ljava/security/PrivilegedAction;Ljava/security/AccessControlContext;Ljava/security/AccessControlContext;)Ljava/lang/Object;+28
j  javax.swing.RepaintManager.paintDirtyRegions(Ljava/util/Map;)V+154
j  javax.swing.RepaintManager.paintDirtyRegions()V+46
j  javax.swing.RepaintManager.prePaintDirtyRegions()V+73
j  javax.swing.RepaintManager.access$1100(Ljavax/swing/RepaintManager;)V+1
j  javax.swing.RepaintManager$ProcessingRunnable.run()V+37
j  java.awt.event.InvocationEvent.dispatch()V+47
j  java.awt.EventQueue.dispatchEventImpl(Ljava/awt/AWTEvent;Ljava/lang/Object;)V+21
j  java.awt.EventQueue.access$400(Ljava/awt/EventQueue;Ljava/awt/AWTEvent;Ljava/lang/Object;)V+3
j  java.awt.EventQueue$3.run()Ljava/lang/Void;+32
j  java.awt.EventQueue$3.run()Ljava/lang/Object;+1
v  ~StubRoutines::call_stub
j  java.security.AccessController.doPrivileged(Ljava/security/PrivilegedAction;Ljava/security/AccessControlContext;)Ljava/lang/Object;+0
j  java.security.ProtectionDomain$1.doIntersectionPrivilege(Ljava/security/PrivilegedAction;Ljava/security/AccessControlContext;Ljava/security/AccessControlContext;)Ljava/lang/Object;+28
j  java.awt.EventQueue.dispatchEvent(Ljava/awt/AWTEvent;)V+46
j  java.awt.EventDispatchThread.pumpOneEventForFilters(I)V+245
j  java.awt.EventDispatchThread.pumpEventsForFilter(ILjava/awt/Conditional;Ljava/awt/EventFilter;)V+35
j  java.awt.EventDispatchThread.pumpEventsForHierarchy(ILjava/awt/Conditional;Ljava/awt/Component;)V+11
j  java.awt.EventDispatchThread.pumpEvents(ILjava/awt/Conditional;)V+4
j  java.awt.EventDispatchThread.pumpEvents(Ljava/awt/Conditional;)V+3
j  java.awt.EventDispatchThread.run()V+9
v  ~StubRoutines::call_stub

---------------  P R O C E S S  ---------------

Java Threads: ( => current thread )
  0x1c9cc400 JavaThread "TimerQueue" daemon [_thread_blocked, id=6608, stack(0x1beb0000,0x1bf00000)]
=>0x17d82400 JavaThread "AWT-EventQueue-0" [_thread_in_native, id=8624, stack(0x1b860000,0x1b8b0000)]
  0x17d6d400 JavaThread "AWT-Windows" daemon [_thread_in_native, id=9456, stack(0x18c90000,0x18ce0000)]
  0x17d6d000 JavaThread "AWT-Shutdown" [_thread_blocked, id=8212, stack(0x18c20000,0x18c70000)]
  0x17d6c800 JavaThread "Java2D Disposer" daemon [_thread_blocked, id=9764, stack(0x18b90000,0x18be0000)]
  0x17b78c00 JavaThread "Abandoned connection cleanup thread" daemon [_thread_blocked, id=6384, stack(0x181d0000,0x18220000)]
  0x17a97800 JavaThread "Thread-3" daemon [_thread_in_native, id=8796, stack(0x16150000,0x161a0000)]
  0x17a95400 JavaThread "JavaFX-Launcher" [_thread_blocked, id=9808, stack(0x18010000,0x18060000)]
  0x14e4b400 JavaThread "JavaFX Application Thread" [_thread_in_native, id=8912, stack(0x161a0000,0x161f0000)]
  0x14e40c00 JavaThread "Thread-1" daemon [_thread_blocked, id=8160, stack(0x15780000,0x157d0000)]
  0x14e38000 JavaThread "QuantumRenderer-0" daemon [_thread_blocked, id=10132, stack(0x15630000,0x15680000)]
  0x14cd4000 JavaThread "Service Thread" daemon [_thread_blocked, id=6220, stack(0x15450000,0x154a0000)]
  0x14cc7000 JavaThread "C1 CompilerThread0" daemon [_thread_blocked, id=1660, stack(0x153c0000,0x15410000)]
  0x14cc6400 JavaThread "Attach Listener" daemon [_thread_blocked, id=4180, stack(0x15320000,0x15370000)]
  0x14cc5000 JavaThread "Signal Dispatcher" daemon [_thread_blocked, id=5548, stack(0x152c0000,0x15310000)]
  0x14c81400 JavaThread "Finalizer" daemon [_thread_blocked, id=7092, stack(0x150c0000,0x15110000)]
  0x14c7b800 JavaThread "Reference Handler" daemon [_thread_blocked, id=7212, stack(0x15140000,0x15190000)]
  0x0030cc00 JavaThread "main" [_thread_blocked, id=3148, stack(0x02780000,0x027d0000)]

Other Threads:
  0x14c78400 VMThread [stack: 0x15040000,0x15090000] [id=6104]
  0x14cfbc00 WatcherThread [stack: 0x155c0000,0x15610000] [id=7232]

VM state:not at safepoint (normal execution)

VM Mutex/Monitor currently owned by a thread: None

Heap:
 def new generation   total 8064K, used 3001K [0x04800000, 0x050b0000, 0x09d50000)
  eden space 7232K,  36% used [0x04800000, 0x04a9a968, 0x04f10000)
  from space 832K,  40% used [0x04fe0000, 0x05033c98, 0x050b0000)
  to   space 832K,   0% used [0x04f10000, 0x04f10000, 0x04fe0000)
 tenured generation   total 17720K, used 12506K [0x09d50000, 0x0ae9e000, 0x14800000)
   the space 17720K,  70% used [0x09d50000, 0x0a986a00, 0x0a986a00, 0x0ae9e000)
 Metaspace       used 13200K, capacity 13355K, committed 13440K, reserved 13696K

Card table byte_map: [0x003c0000,0x00450000] byte_map_base: 0x0039c000

Polling page: 0x001a0000

CodeCache: size=32768Kb used=2098Kb max_used=2098Kb free=30669Kb
 bounds [0x027d0000, 0x029e0000, 0x047d0000]
 total_blobs=1445 nmethods=1003 adapters=373
 compilation: enabled

Compilation events (10 events):
Event: 34.516 Thread 0x14cc7000 1001             sun.misc.FloatingDecimal$BinaryToASCIIBuffer::getChars (502 bytes)
Event: 34.517 Thread 0x14cc7000 nmethod 1001 0x029da288 code [0x029da420, 0x029dac48]
Event: 34.517 Thread 0x14cc7000 1002             sun.misc.FloatingDecimal$BinaryToASCIIBuffer::appendTo (72 bytes)
Event: 34.518 Thread 0x14cc7000 nmethod 1002 0x029db448 code [0x029db570, 0x029db8a4]
Event: 34.604 Thread 0x14cc7000 1003             sun.java2d.pipe.Region::clipScale (41 bytes)
Event: 34.604 Thread 0x14cc7000 nmethod 1003 0x029dba48 code [0x029dbb80, 0x029dbc7c]
Event: 34.605 Thread 0x14cc7000 1004   !         sun.java2d.SunGraphics2D::fill (64 bytes)
Event: 34.606 Thread 0x14cc7000 nmethod 1004 0x029dbd08 code [0x029dbe30, 0x029dc014]
Event: 34.607 Thread 0x14cc7000 1005             sun.util.locale.provider.LocaleProviderAdapter::getAdapter (171 bytes)
Event: 34.608 Thread 0x14cc7000 nmethod 1005 0x029dc248 code [0x029dc420, 0x029dc7e8]

GC Heap History (10 events):
Event: 2.852 GC heap before
{Heap before GC invocations=24 (full 0):
 def new generation   total 4928K, used 4928K [0x04800000, 0x04d50000, 0x09d50000)
  eden space 4416K, 100% used [0x04800000, 0x04c50000, 0x04c50000)
  from space 512K, 100% used [0x04c50000, 0x04cd0000, 0x04cd0000)
  to   space 512K,   0% used [0x04cd0000, 0x04cd0000, 0x04d50000)
 tenured generation   total 10944K, used 4521K [0x09d50000, 0x0a800000, 0x14800000)
   the space 10944K,  41% used [0x09d50000, 0x0a1ba440, 0x0a1ba600, 0x0a800000)
 Metaspace       used 11928K, capacity 12043K, committed 12160K, reserved 12672K
Event: 2.858 GC heap after
Heap after GC invocations=25 (full 0):
 def new generation   total 4928K, used 512K [0x04800000, 0x04d50000, 0x09d50000)
  eden space 4416K,   0% used [0x04800000, 0x04800000, 0x04c50000)
  from space 512K, 100% used [0x04cd0000, 0x04d50000, 0x04d50000)
  to   space 512K,   0% used [0x04c50000, 0x04c50000, 0x04cd0000)
 tenured generation   total 10944K, used 5365K [0x09d50000, 0x0a800000, 0x14800000)
   the space 10944K,  49% used [0x09d50000, 0x0a28d520, 0x0a28d600, 0x0a800000)
 Metaspace       used 11928K, capacity 12043K, committed 12160K, reserved 12672K
}
Event: 2.904 GC heap before
{Heap before GC invocations=25 (full 0):
 def new generation   total 4928K, used 1292K [0x04800000, 0x04d50000, 0x09d50000)
  eden space 4416K,  17% used [0x04800000, 0x048c3160, 0x04c50000)
  from space 512K, 100% used [0x04cd0000, 0x04d50000, 0x04d50000)
  to   space 512K,   0% used [0x04c50000, 0x04c50000, 0x04cd0000)
 tenured generation   total 10944K, used 5365K [0x09d50000, 0x0a800000, 0x14800000)
   the space 10944K,  49% used [0x09d50000, 0x0a28d520, 0x0a28d600, 0x0a800000)
 Metaspace       used 12131K, capacity 12235K, committed 12288K, reserved 12672K
Event: 2.921 GC heap after
Heap after GC invocations=26 (full 1):
 def new generation   total 4992K, used 0K [0x04800000, 0x04d60000, 0x09d50000)
  eden space 4480K,   0% used [0x04800000, 0x04800000, 0x04c60000)
  from space 512K,   0% used [0x04c60000, 0x04c60000, 0x04ce0000)
  to   space 512K,   0% used [0x04ce0000, 0x04ce0000, 0x04d60000)
 tenured generation   total 10944K, used 5935K [0x09d50000, 0x0a800000, 0x14800000)
   the space 10944K,  54% used [0x09d50000, 0x0a31bf90, 0x0a31c000, 0x0a800000)
 Metaspace       used 12131K, capacity 12235K, committed 12288K, reserved 12672K
}
Event: 2.970 GC heap before
{Heap before GC invocations=26 (full 1):
 def new generation   total 4992K, used 2796K [0x04800000, 0x04d60000, 0x09d50000)
  eden space 4480K,  62% used [0x04800000, 0x04abb260, 0x04c60000)
  from space 512K,   0% used [0x04c60000, 0x04c60000, 0x04ce0000)
  to   space 512K,   0% used [0x04ce0000, 0x04ce0000, 0x04d60000)
 tenured generation   total 10944K, used 5935K [0x09d50000, 0x0a800000, 0x14800000)
   the space 10944K,  54% used [0x09d50000, 0x0a31bf90, 0x0a31c000, 0x0a800000)
 Metaspace       used 12467K, capacity 12587K, committed 12672K, reserved 12672K
Event: 2.974 GC heap after
Heap after GC invocations=27 (full 1):
 def new generation   total 4992K, used 54K [0x04800000, 0x04d60000, 0x09d50000)
  eden space 4480K,   0% used [0x04800000, 0x04800000, 0x04c60000)
  from space 512K,  10% used [0x04ce0000, 0x04ced8e8, 0x04d60000)
  to   space 512K,   0% used [0x04c60000, 0x04c60000, 0x04ce0000)
 tenured generation   total 10944K, used 7810K [0x09d50000, 0x0a800000, 0x14800000)
   the space 10944K,  71% used [0x09d50000, 0x0a4f0ba0, 0x0a4f0c00, 0x0a800000)
 Metaspace       used 12467K, capacity 12587K, committed 12672K, reserved 12672K
}
Event: 2.999 GC heap before
{Heap before GC invocations=27 (full 1):
 def new generation   total 4992K, used 4021K [0x04800000, 0x04d60000, 0x09d50000)
  eden space 4480K,  88% used [0x04800000, 0x04bdfd18, 0x04c60000)
  from space 512K,  10% used [0x04ce0000, 0x04ced8e8, 0x04d60000)
  to   space 512K,   0% used [0x04c60000, 0x04c60000, 0x04ce0000)
 tenured generation   total 10944K, used 7810K [0x09d50000, 0x0a800000, 0x14800000)
   the space 10944K,  71% used [0x09d50000, 0x0a4f0ba0, 0x0a4f0c00, 0x0a800000)
 Metaspace       used 12540K, capacity 12683K, committed 12800K, reserved 13696K
Event: 3.027 GC heap after
Heap after GC invocations=28 (full 2):
 def new generation   total 8064K, used 0K [0x04800000, 0x050b0000, 0x09d50000)
  eden space 7232K,   0% used [0x04800000, 0x04800000, 0x04f10000)
  from space 832K,   0% used [0x04f10000, 0x04f10000, 0x04fe0000)
  to   space 832K,   0% used [0x04fe0000, 0x04fe0000, 0x050b0000)
 tenured generation   total 17720K, used 10631K [0x09d50000, 0x0ae9e000, 0x14800000)
   the space 17720K,  59% used [0x09d50000, 0x0a7b1df0, 0x0a7b1e00, 0x0ae9e000)
 Metaspace       used 12540K, capacity 12683K, committed 12800K, reserved 13696K
}
Event: 13.333 GC heap before
{Heap before GC invocations=28 (full 2):
 def new generation   total 8064K, used 7232K [0x04800000, 0x050b0000, 0x09d50000)
  eden space 7232K, 100% used [0x04800000, 0x04f10000, 0x04f10000)
  from space 832K,   0% used [0x04f10000, 0x04f10000, 0x04fe0000)
  to   space 832K,   0% used [0x04fe0000, 0x04fe0000, 0x050b0000)
 tenured generation   total 17720K, used 10631K [0x09d50000, 0x0ae9e000, 0x14800000)
   the space 17720K,  59% used [0x09d50000, 0x0a7b1df0, 0x0a7b1e00, 0x0ae9e000)
 Metaspace       used 13198K, capacity 13355K, committed 13440K, reserved 13696K
Event: 13.336 GC heap after
Heap after GC invocations=29 (full 2):
 def new generation   total 8064K, used 335K [0x04800000, 0x050b0000, 0x09d50000)
  eden space 7232K,   0% used [0x04800000, 0x04800000, 0x04f10000)
  from space 832K,  40% used [0x04fe0000, 0x05033c98, 0x050b0000)
  to   space 832K,   0% used [0x04f10000, 0x04f10000, 0x04fe0000)
 tenured generation   total 17720K, used 12506K [0x09d50000, 0x0ae9e000, 0x14800000)
   the space 17720K,  70% used [0x09d50000, 0x0a986a00, 0x0a986a00, 0x0ae9e000)
 Metaspace       used 13198K, capacity 13355K, committed 13440K, reserved 13696K
}

Deoptimization events (0 events):
No events

Internal exceptions (10 events):
Event: 3.073 Thread 0x17d82400 Exception <a 'java/security/PrivilegedActionException'> (0x04ab9698) thrown at [D:\re\puppet\workspace\8-2-build-windows-i586-cygwin\jdk8u11\648\hotspot\src\share\vm\prims\jvm.cpp, line 1248]
Event: 3.073 Thread 0x17d82400 Exception <a 'java/security/PrivilegedActionException'> (0x04abe790) thrown at [D:\re\puppet\workspace\8-2-build-windows-i586-cygwin\jdk8u11\648\hotspot\src\share\vm\prims\jvm.cpp, line 1248]
Event: 3.074 Thread 0x17d82400 Exception <a 'java/security/PrivilegedActionException'> (0x04ac2350) thrown at [D:\re\puppet\workspace\8-2-build-windows-i586-cygwin\jdk8u11\648\hotspot\src\share\vm\prims\jvm.cpp, line 1248]
Event: 3.075 Thread 0x17d82400 Exception <a 'java/security/PrivilegedActionException'> (0x04acbce0) thrown at [D:\re\puppet\workspace\8-2-build-windows-i586-cygwin\jdk8u11\648\hotspot\src\share\vm\prims\jvm.cpp, line 1248]
Event: 3.076 Thread 0x17d82400 Exception <a 'java/security/PrivilegedActionException'> (0x04ad4808) thrown at [D:\re\puppet\workspace\8-2-build-windows-i586-cygwin\jdk8u11\648\hotspot\src\share\vm\prims\jvm.cpp, line 1248]
Event: 3.081 Thread 0x17d82400 Exception <a 'java/security/PrivilegedActionException'> (0x04ae1bd0) thrown at [D:\re\puppet\workspace\8-2-build-windows-i586-cygwin\jdk8u11\648\hotspot\src\share\vm\prims\jvm.cpp, line 1248]
Event: 3.088 Thread 0x17d82400 Exception <a 'java/security/PrivilegedActionException'> (0x04af7f38) thrown at [D:\re\puppet\workspace\8-2-build-windows-i586-cygwin\jdk8u11\648\hotspot\src\share\vm\prims\jvm.cpp, line 1248]
Event: 3.092 Thread 0x17d82400 Exception <a 'java/security/PrivilegedActionException'> (0x04afe5e8) thrown at [D:\re\puppet\workspace\8-2-build-windows-i586-cygwin\jdk8u11\648\hotspot\src\share\vm\prims\jvm.cpp, line 1248]
Event: 3.092 Thread 0x17d82400 Exception <a 'java/security/PrivilegedActionException'> (0x04b02048) thrown at [D:\re\puppet\workspace\8-2-build-windows-i586-cygwin\jdk8u11\648\hotspot\src\share\vm\prims\jvm.cpp, line 1248]
Event: 3.094 Thread 0x17d82400 Exception <a 'java/security/PrivilegedActionException'> (0x04b058d8) thrown at [D:\re\puppet\workspace\8-2-build-windows-i586-cygwin\jdk8u11\648\hotspot\src\share\vm\prims\jvm.cpp, line 1248]

Events (10 events):
Event: 5.693 loading class com/sun/javafx/tk/quantum/GlassViewEventHandler$2
Event: 5.693 loading class com/sun/javafx/tk/quantum/GlassViewEventHandler$2 done
Event: 5.693 loading class javafx/scene/input/ScrollEvent$HorizontalTextScrollUnits
Event: 5.693 loading class javafx/scene/input/ScrollEvent$HorizontalTextScrollUnits done
Event: 5.694 loading class javafx/scene/input/ScrollEvent$VerticalTextScrollUnits
Event: 5.694 loading class javafx/scene/input/ScrollEvent$VerticalTextScrollUnits done
Event: 13.333 Executing VM operation: GenCollectForAllocation
Event: 13.336 Executing VM operation: GenCollectForAllocation done
Event: 18.819 loading class javax/swing/Timer$1
Event: 18.819 loading class javax/swing/Timer$1 done


Dynamic libraries:
0x00b80000 - 0x00bb0000 	C:\Program Files (x86)\Java\jdk1.8.0_11\jre\bin\java.exe
0x772f0000 - 0x77470000 	C:\Windows\SysWOW64\ntdll.dll
0x75d50000 - 0x75e60000 	C:\Windows\syswow64\kernel32.dll
0x76310000 - 0x76357000 	C:\Windows\syswow64\KERNELBASE.dll
0x75610000 - 0x756b0000 	C:\Windows\syswow64\ADVAPI32.dll
0x76700000 - 0x767ac000 	C:\Windows\syswow64\msvcrt.dll
0x75760000 - 0x75779000 	C:\Windows\SysWOW64\sechost.dll
0x75520000 - 0x75610000 	C:\Windows\syswow64\RPCRT4.dll
0x74540000 - 0x745a0000 	C:\Windows\syswow64\SspiCli.dll
0x74530000 - 0x7453c000 	C:\Windows\syswow64\CRYPTBASE.dll
0x75200000 - 0x75300000 	C:\Windows\syswow64\USER32.dll
0x76170000 - 0x76200000 	C:\Windows\syswow64\GDI32.dll
0x759b0000 - 0x759ba000 	C:\Windows\syswow64\LPK.dll
0x75cb0000 - 0x75d4d000 	C:\Windows\syswow64\USP10.dll
0x71ce0000 - 0x71e7e000 	C:\Windows\WinSxS\x86_microsoft.windows.common-controls_6595b64144ccf1df_6.0.7601.17514_none_41e6975e2bd6f2b2\COMCTL32.dll
0x75b30000 - 0x75b87000 	C:\Windows\syswow64\SHLWAPI.dll
0x76200000 - 0x76260000 	C:\Windows\system32\IMM32.DLL
0x760a0000 - 0x7616c000 	C:\Windows\syswow64\MSCTF.dll
0x71f70000 - 0x7202f000 	C:\Program Files (x86)\Java\jdk1.8.0_11\jre\bin\msvcr100.dll
0x68bf0000 - 0x68f87000 	C:\Program Files (x86)\Java\jdk1.8.0_11\jre\bin\client\jvm.dll
0x73560000 - 0x73567000 	C:\Windows\system32\WSOCK32.dll
0x76560000 - 0x76595000 	C:\Windows\syswow64\WS2_32.dll
0x754b0000 - 0x754b6000 	C:\Windows\syswow64\NSI.dll
0x766c0000 - 0x766f2000 	C:\Windows\syswow64\WINMM.dll
0x76090000 - 0x76095000 	C:\Windows\syswow64\PSAPI.DLL
0x73150000 - 0x7315c000 	C:\Program Files (x86)\Java\jdk1.8.0_11\jre\bin\verify.dll
0x73010000 - 0x73031000 	C:\Program Files (x86)\Java\jdk1.8.0_11\jre\bin\java.dll
0x72ff0000 - 0x73003000 	C:\Program Files (x86)\Java\jdk1.8.0_11\jre\bin\zip.dll
0x745a0000 - 0x751ea000 	C:\Windows\syswow64\SHELL32.dll
0x759d0000 - 0x75b2c000 	C:\Windows\syswow64\ole32.dll
0x72b20000 - 0x72b2b000 	C:\Windows\system32\profapi.dll
0x50da0000 - 0x50dc3000 	C:\Program Files (x86)\Java\jdk1.8.0_11\jre\bin\prism_d3d.dll
0x6ba30000 - 0x6bbf3000 	C:\Windows\system32\d3d9.dll
0x71e90000 - 0x71e99000 	C:\Windows\system32\VERSION.dll
0x70900000 - 0x70906000 	C:\Windows\system32\d3d8thk.dll
0x76260000 - 0x76273000 	C:\Windows\syswow64\dwmapi.dll
0x71a10000 - 0x71a90000 	C:\Windows\system32\uxtheme.dll
0x15190000 - 0x15224000 	C:\Windows\system32\igdumdx32.dll
0x159a0000 - 0x15fbd000 	C:\Windows\system32\igdumd32.dll
0x76410000 - 0x76435000 	C:\Windows\syswow64\PowrProf.dll
0x75780000 - 0x7591d000 	C:\Windows\syswow64\SETUPAPI.dll
0x756b0000 - 0x756d7000 	C:\Windows\syswow64\CFGMGR32.dll
0x75920000 - 0x759af000 	C:\Windows\syswow64\OLEAUT32.dll
0x75eb0000 - 0x75ec2000 	C:\Windows\syswow64\DEVOBJ.dll
0x507c0000 - 0x507f3000 	C:\Program Files (x86)\Java\jdk1.8.0_11\jre\bin\glass.dll
0x756e0000 - 0x7575b000 	C:\Windows\syswow64\COMDLG32.dll
0x72fd0000 - 0x72fe4000 	C:\Program Files (x86)\Java\jdk1.8.0_11\jre\bin\net.dll
0x72bb0000 - 0x72bec000 	C:\Windows\system32\mswsock.dll
0x729b0000 - 0x729b6000 	C:\Windows\System32\wship6.dll
0x72ba0000 - 0x72ba5000 	C:\Windows\System32\wshtcpip.dll
0x73ce0000 - 0x73d24000 	C:\Windows\system32\DNSAPI.dll
0x73c90000 - 0x73cb7000 	C:\Program Files (x86)\Common Files\Microsoft Shared\Windows Live\WLIDNSP.DLL
0x72990000 - 0x729ac000 	C:\Windows\system32\IPHLPAPI.DLL
0x72980000 - 0x72987000 	C:\Windows\system32\WINNSI.DLL
0x73ab0000 - 0x73ab6000 	C:\Windows\system32\rasadhlp.dll
0x72910000 - 0x72948000 	C:\Windows\System32\fwpuclnt.dll
0x73160000 - 0x7316f000 	C:\Program Files (x86)\Java\jdk1.8.0_11\jre\bin\nio.dll
0x68aa0000 - 0x68be5000 	C:\Program Files (x86)\Java\jdk1.8.0_11\jre\bin\awt.dll
0x5a640000 - 0x5a64f000 	C:\Program Files (x86)\Java\jdk1.8.0_11\jre\bin\javafx_font.dll
0x6b920000 - 0x6ba2b000 	C:\Windows\system32\dwrite.dll
0x76280000 - 0x76303000 	C:\Windows\syswow64\CLBCatQ.DLL
0x71880000 - 0x7197b000 	C:\Windows\system32\WindowsCodecs.dll
0x71980000 - 0x719cc000 	C:\Windows\system32\apphelp.dll
0x72d20000 - 0x72d56000 	C:\Users\Administrator.WIN-P07DRP7E8V6\AppData\Local\Microsoft\SkyDrive\17.0.2015.0811\SkyDriveShell.dll
0x68a10000 - 0x68a95000 	C:\Users\Administrator.WIN-P07DRP7E8V6\AppData\Local\Microsoft\SkyDrive\17.0.2015.0811\MSVCP110.dll
0x68930000 - 0x68a02000 	C:\Users\Administrator.WIN-P07DRP7E8V6\AppData\Local\Microsoft\SkyDrive\17.0.2015.0811\MSVCR110.dll
0x688a0000 - 0x68927000 	C:\Users\Administrator.WIN-P07DRP7E8V6\AppData\Local\Microsoft\SkyDrive\17.0.2015.0811\Telemetry.dll
0x73f10000 - 0x73f1a000 	C:\Users\Administrator.WIN-P07DRP7E8V6\AppData\Local\Microsoft\SkyDrive\17.0.2015.0811\logging.dll
0x73500000 - 0x73552000 	C:\Windows\system32\faultrep.dll
0x73080000 - 0x73095000 	C:\Windows\system32\Cabinet.dll
0x73a50000 - 0x73aa8000 	C:\Windows\system32\WINHTTP.dll
0x73a00000 - 0x73a4f000 	C:\Windows\system32\webio.dll
0x70b00000 - 0x70b2f000 	C:\Windows\system32\XmlLite.dll
0x76440000 - 0x7655b000 	C:\Windows\syswow64\WININET.dll
0x772c0000 - 0x772c3000 	C:\Windows\syswow64\Normaliz.dll
0x75ed0000 - 0x76089000 	C:\Windows\syswow64\iertutil.dll
0x75b90000 - 0x75ca1000 	C:\Windows\syswow64\urlmon.dll
0x72d90000 - 0x72dc9000 	C:\Program Files (x86)\Java\jdk1.8.0_11\jre\bin\fontmanager.dll
0x71f30000 - 0x71f61000 	C:\Windows\system32\EhStorShell.dll
0x73b50000 - 0x73c45000 	C:\Windows\system32\PROPSYS.dll
0x71130000 - 0x7134f000 	C:\Program Files (x86)\Microsoft Office\Office12\GrooveShellExtensions.dll
0x71500000 - 0x715f3000 	C:\Program Files (x86)\Microsoft Office\Office12\GrooveUtil.DLL
0x765a0000 - 0x766c0000 	C:\Windows\syswow64\CRYPT32.dll
0x759c0000 - 0x759cc000 	C:\Windows\syswow64\MSASN1.dll
0x71090000 - 0x7112b000 	C:\Windows\WinSxS\x86_microsoft.vc80.crt_1fc8b3b9a1e18e3b_8.0.50727.6195_none_d09154e044272b9a\MSVCR80.dll
0x73650000 - 0x73657000 	C:\Program Files (x86)\Microsoft Office\Office12\GrooveNew.DLL
0x72f70000 - 0x72f8b000 	C:\Windows\WinSxS\x86_microsoft.vc80.atl_1fc8b3b9a1e18e3b_8.0.50727.6195_none_d1cb102c435421de\ATL80.DLL
0x72b80000 - 0x72b96000 	C:\Windows\system32\CRYPTSP.dll
0x72b40000 - 0x72b7b000 	C:\Windows\system32\rsaenh.dll
0x71a90000 - 0x71a95000 	C:\Windows\system32\MSImg32.dll
0x6fd80000 - 0x6fdf0000 	C:\Windows\system32\ntshrui.dll
0x71eb0000 - 0x71ec9000 	C:\Windows\system32\srvcli.dll
0x71a00000 - 0x71a0b000 	C:\Windows\system32\cscapi.dll
0x72890000 - 0x7289a000 	C:\Windows\system32\slc.dll
0x730a0000 - 0x730a6000 	C:\Windows\system32\IconCodecService.dll
0x50d70000 - 0x50d91000 	C:\Program Files (x86)\Common Files\Microsoft Shared\Ink\rtscom.dll
0x72d60000 - 0x72d90000 	C:\Program Files (x86)\Java\jdk1.8.0_11\jre\bin\t2k.dll
0x72cf0000 - 0x72d14000 	C:\Program Files (x86)\Java\jdk1.8.0_11\jre\bin\dcpr.dll
0x15110000 - 0x15132000 	C:\Program Files (x86)\Kingsoft\PowerWordDict\CBSelectText.dll
0x73f50000 - 0x7403b000 	C:\Windows\system32\dbghelp.dll

VM Arguments:
jvm_args: -Dfile.encoding=UTF-8 
java_command: C:\Users\Administrator.WIN-P07DRP7E8V6\Documents\NetBeansProjects\TimeSeriesData\dist\run689598648\TimeSeriesData.jar
java_class_path (initial): C:\Users\Administrator.WIN-P07DRP7E8V6\Documents\NetBeansProjects\TimeSeriesData\dist\run689598648\TimeSeriesData.jar
Launcher Type: SUN_STANDARD

Environment Variables:
JAVA_HOME=C:\Program Files (x86)\Java\jdk1.8.0_11
CLASSPATH=.;C:\SelfProgram\JAMESII\JamesII-0.8.7\src\james2-core-0.8.7-sources.jar;C:\STUDY\ANTLR\ANT\antlrworks-1.4.3.jar;C:\Program Files (x86)\Java\jdk1.8.0_11\lib\tools.jar;C:\SelfProgram\STRINGTEMPLATE;C:\STUDY\JFMI\lib\jna.jar;
PATH=C:\Program Files (x86)\Common Files\Nokia\Service Layer\C\Service Modules\ServiceModule_00005;C:\Program Files\Common Files\Microsoft Shared\Windows Live;C:\Program Files (x86)\Common Files\Microsoft Shared\Windows Live;C:\Windows\system32;C:\Windows;C:\Windows\System32\Wbem;C:\Windows\System32\WindowsPowerShell\v1.0\;C:\Program Files (x86)\Windows Live\Shared;C:\Program Files\MATLAB\R2010b\runtime\win64;C:\Program Files\MATLAB\R2010b\bin;c:\Program Files (x86)\Microsoft SQL Server\100\Tools\Binn\;c:\Program Files\Microsoft SQL Server\100\Tools\Binn\;c:\Program Files\Microsoft SQL Server\100\DTS\Binn\;C:\Program Files\ThinkPad\Bluetooth Software\;C:\Program Files\ThinkPad\Bluetooth Software\syswow64;C:\Program Files\Intel\WiFi\bin\;C:\Program Files\Common Files\Intel\WirelessCommon\;C:\Python34;C:\Program Files (x86)\Android\android-sdk\tools;C:\Program Files\MiKTeX 2.9\miktex\bin\x64\;C:\SelfProgram\Mysql\bin;.;C:\SelfProgram\gcc\mingw64\bin;C:\Program Files (x86)\Java\jdk1.8.0_11\bin;C:\Program Files (x86)\Java\jdk1.8.0_11\jre8\bin;C:\STUDY\ANT\apache_ant_1_9_1/bin;C:\Apache24\bin;C:\Program Files (x86)\Nmap;C:\Program Files\Intel\WiFi\bin\;C:\Program Files\Common Files\Intel\WirelessCommon\;C:\Program Files (x86)\Android\android-sdk\platform-tools
USERNAME=Administrator
OS=Windows_NT
PROCESSOR_IDENTIFIER=Intel64 Family 6 Model 42 Stepping 7, GenuineIntel



---------------  S Y S T E M  ---------------

OS: Windows 7 , 64 bit Build 7601 Service Pack 1

CPU:total 4 (2 cores per cpu, 2 threads per core) family 6 model 42 stepping 7, cmov, cx8, fxsr, mmx, sse, sse2, sse3, ssse3, sse4.1, sse4.2, popcnt, avx, clmul, ht, tsc, tscinvbit

Memory: 4k page, physical 8300528k(3639860k free), swap 16599196k(10048248k free)

vm_info: Java HotSpot(TM) Client VM (25.11-b03) for windows-x86 JRE (1.8.0_11-b12), built on Jun 16 2014 18:18:58 by "java_re" with MS VC++ 10.0 (VS2010)

time: Sun Feb 15 17:46:24 2015
elapsed time: 35 seconds

